[2026-01-06 12:32:07.783] SPACE_PRESS
[2026-01-06 12:32:07.795] LAYER_ACTIVATE | Navigation | activationTime=90143140
[2026-01-06 12:32:07.970] SPACE_OTHER_KEY_FIRST | key=i | firstOtherKeyTime=90143328
[2026-01-06 12:32:07.970] SPACE_KEY_HANDLER | key=i | action={Up} | qualifyAt=90143334 | currentTime=90143328 | qualified=0
[2026-01-06 12:32:07.982] SPACE_KEY_DELAY | key=i | waiting 6ms until qualifyAt=90143334
[2026-01-06 12:32:08.010] SPACE_SOLO_QUALIFIED | Space held for 500ms, layer qualified
[2026-01-06 12:32:08.010] HOTKEY_EXEC | Space+i | mappedTo={Up}
[2026-01-06 12:32:08.019] SEND_KEY | input=*i | mappedTo={Up}
[2026-01-06 12:32:08.029] SPACE_KEY_EXECUTED | key=i | delayed execution successful
[2026-01-06 12:32:08.932] SPACE_KEY_HANDLER | key=k | action={Down} | qualifyAt=90143334 | currentTime=90144281 | qualified=1
[2026-01-06 12:32:08.932] HOTKEY_EXEC | Space+k | mappedTo={Down}
[2026-01-06 12:32:08.943] SEND_KEY | input=*k | mappedTo={Down}
[2026-01-06 12:32:09.106] SPACE_KEY_HANDLER | key=k | action={Down} | qualifyAt=90143334 | currentTime=90144468 | qualified=1
[2026-01-06 12:32:09.106] HOTKEY_EXEC | Space+k | mappedTo={Down}
[2026-01-06 12:32:09.123] SEND_KEY | input=*k | mappedTo={Down}
[2026-01-06 12:32:09.314] SPACE_KEY_HANDLER | key=k | action={Down} | qualifyAt=90143334 | currentTime=90144671 | qualified=1
[2026-01-06 12:32:09.315] HOTKEY_EXEC | Space+k | mappedTo={Down}
[2026-01-06 12:32:09.327] SEND_KEY | input=*k | mappedTo={Down}
[2026-01-06 12:32:09.553] SPACE_KEY_HANDLER | key=i | action={Up} | qualifyAt=90143334 | currentTime=90144906 | qualified=1
[2026-01-06 12:32:09.554] HOTKEY_EXEC | Space+i | mappedTo={Up}
[2026-01-06 12:32:09.571] SEND_KEY | input=*i | mappedTo={Up}
[2026-01-06 12:32:10.346] LAYER_DEACTIVATE | Navigation
[2026-01-06 12:32:10.347] SPACE_RELEASE | spaceUsedWithOtherKey=1 | spaceOtherKeyPressed=1 | spaceLayerQualified=1 | sendSpace=0
[2026-01-06 12:32:10.414] CAPSLOCK_PRESS
[2026-01-06 12:32:10.421] LAYER_ACTIVATE | Mouse | activationTime=90145765
[2026-01-06 12:32:10.811] LAYER_DEACTIVATE | Mouse
[2026-01-06 12:32:10.812] CAPSLOCK_RELEASE | capsLockUsedWithOtherKey=1 | sendHangul=0
[2026-01-06 12:32:11.811] CAPSLOCK_PRESS
[2026-01-06 12:32:11.818] LAYER_ACTIVATE | Mouse | activationTime=90147171
[2026-01-06 12:32:13.176] LAYER_DEACTIVATE | Mouse
[2026-01-06 12:32:13.176] LAYER_DEACTIVATE | Mouse
[2026-01-06 12:32:13.194] CAPSLOCK_RELEASE | capsLockUsedWithOtherKey=1 | sendHangul=0
[2026-01-06 12:32:13.242] SPACE_PRESS
[2026-01-06 12:32:13.250] LAYER_ACTIVATE | Navigation | activationTime=90148593
[2026-01-06 12:32:13.459] SPACE_SOLO_QUALIFIED | Space held for 500ms, layer qualified
[2026-01-06 12:32:13.475] SPACE_OTHER_KEY_FIRST | key=i | firstOtherKeyTime=90148828
[2026-01-06 12:32:13.475] SPACE_KEY_HANDLER | key=i | action={Up} | qualifyAt=90148811 | currentTime=90148828 | qualified=1
[2026-01-06 12:32:13.494] HOTKEY_EXEC | Space+i | mappedTo={Up}
[2026-01-06 12:32:13.509] SEND_KEY | input=*i | mappedTo={Up}
[2026-01-06 12:32:13.884] SPACE_KEY_HANDLER | key=i | action={Up} | qualifyAt=90148811 | currentTime=90149234 | qualified=1
[2026-01-06 12:32:13.885] HOTKEY_EXEC | Space+i | mappedTo={Up}
[2026-01-06 12:32:13.899] SEND_KEY | input=*i | mappedTo={Up}
[2026-01-06 12:32:14.212] SPACE_KEY_HANDLER | key=i | action={Up} | qualifyAt=90148811 | currentTime=90149562 | qualified=1
[2026-01-06 12:32:14.213] HOTKEY_EXEC | Space+i | mappedTo={Up}
[2026-01-06 12:32:14.227] SEND_KEY | input=*i | mappedTo=+{Up}
[2026-01-06 12:32:14.392] SPACE_KEY_HANDLER | key=i | action={Up} | qualifyAt=90148811 | currentTime=90149750 | qualified=1
[2026-01-06 12:32:14.392] HOTKEY_EXEC | Space+i | mappedTo={Up}
[2026-01-06 12:32:14.405] SEND_KEY | input=*i | mappedTo=+{Up}
[2026-01-06 12:32:14.563] SPACE_KEY_HANDLER | key=i | action={Up} | qualifyAt=90148811 | currentTime=90149921 | qualified=1
[2026-01-06 12:32:14.563] HOTKEY_EXEC | Space+i | mappedTo={Up}
[2026-01-06 12:32:14.575] SEND_KEY | input=*i | mappedTo=+{Up}
[2026-01-06 12:32:14.745] SPACE_KEY_HANDLER | key=i | action={Up} | qualifyAt=90148811 | currentTime=90150093 | qualified=1
[2026-01-06 12:32:14.746] HOTKEY_EXEC | Space+i | mappedTo={Up}
[2026-01-06 12:32:14.758] SEND_KEY | input=*i | mappedTo=+{Up}
[2026-01-06 12:32:14.921] SPACE_KEY_HANDLER | key=i | action={Up} | qualifyAt=90148811 | currentTime=90150281 | qualified=1
[2026-01-06 12:32:14.921] HOTKEY_EXEC | Space+i | mappedTo={Up}
[2026-01-06 12:32:14.934] SEND_KEY | input=*i | mappedTo=+{Up}
[2026-01-06 12:32:15.187] SPACE_KEY_HANDLER | key=k | action={Down} | qualifyAt=90148811 | currentTime=90150546 | qualified=1
[2026-01-06 12:32:15.187] HOTKEY_EXEC | Space+k | mappedTo={Down}
[2026-01-06 12:32:15.199] SEND_KEY | input=*k | mappedTo=+{Down}
[2026-01-06 12:32:15.353] SPACE_KEY_HANDLER | key=k | action={Down} | qualifyAt=90148811 | currentTime=90150703 | qualified=1
[2026-01-06 12:32:15.354] HOTKEY_EXEC | Space+k | mappedTo={Down}
[2026-01-06 12:32:15.366] SEND_KEY | input=*k | mappedTo=+{Down}
[2026-01-06 12:32:15.601] SPACE_KEY_HANDLER | key=o | action={End} | qualifyAt=90148811 | currentTime=90150953 | qualified=1
[2026-01-06 12:32:15.602] HOTKEY_EXEC | Space+o | mappedTo={End}
[2026-01-06 12:32:15.615] SEND_KEY | input=*o | mappedTo=+{End}
[2026-01-06 12:32:16.058] SPACE_KEY_HANDLER | key=o | action={End} | qualifyAt=90148811 | currentTime=90151406 | qualified=1
[2026-01-06 12:32:16.058] HOTKEY_EXEC | Space+o | mappedTo={End}
[2026-01-06 12:32:16.071] SEND_KEY | input=*o | mappedTo=+{End}
[2026-01-06 12:32:16.301] SPACE_KEY_HANDLER | key=i | action={Up} | qualifyAt=90148811 | currentTime=90151656 | qualified=1
[2026-01-06 12:32:16.302] HOTKEY_EXEC | Space+i | mappedTo={Up}
[2026-01-06 12:32:16.317] SEND_KEY | input=*i | mappedTo=+{Up}
[2026-01-06 12:32:16.616] SPACE_KEY_HANDLER | key=o | action={End} | qualifyAt=90148811 | currentTime=90151968 | qualified=1
[2026-01-06 12:32:16.616] HOTKEY_EXEC | Space+o | mappedTo={End}
[2026-01-06 12:32:16.627] SEND_KEY | input=*o | mappedTo=+{End}
[2026-01-06 12:32:17.228] SPACE_KEY_HANDLER | key=u | action={Home} | qualifyAt=90148811 | currentTime=90152578 | qualified=1
[2026-01-06 12:32:17.228] HOTKEY_EXEC | Space+u | mappedTo={Home}
[2026-01-06 12:32:17.241] SEND_KEY | input=*u | mappedTo=+{Home}
[2026-01-06 12:32:17.696] SPACE_KEY_HANDLER | key=i | action={Up} | qualifyAt=90148811 | currentTime=90153046 | qualified=1
[2026-01-06 12:32:17.697] HOTKEY_EXEC | Space+i | mappedTo={Up}
[2026-01-06 12:32:17.709] SEND_KEY | input=*i | mappedTo=+{Up}
[2026-01-06 12:32:17.866] SPACE_KEY_HANDLER | key=i | action={Up} | qualifyAt=90148811 | currentTime=90153218 | qualified=1
[2026-01-06 12:32:17.866] HOTKEY_EXEC | Space+i | mappedTo={Up}
[2026-01-06 12:32:17.879] SEND_KEY | input=*i | mappedTo=+{Up}
[2026-01-06 12:32:18.049] SPACE_KEY_HANDLER | key=i | action={Up} | qualifyAt=90148811 | currentTime=90153406 | qualified=1
[2026-01-06 12:32:18.050] HOTKEY_EXEC | Space+i | mappedTo={Up}
[2026-01-06 12:32:18.064] SEND_KEY | input=*i | mappedTo=+{Up}
[2026-01-06 12:32:18.219] SPACE_KEY_HANDLER | key=i | action={Up} | qualifyAt=90148811 | currentTime=90153578 | qualified=1
[2026-01-06 12:32:18.220] HOTKEY_EXEC | Space+i | mappedTo={Up}
[2026-01-06 12:32:18.233] SEND_KEY | input=*i | mappedTo=+{Up}
[2026-01-06 12:32:18.393] SPACE_KEY_HANDLER | key=i | action={Up} | qualifyAt=90148811 | currentTime=90153750 | qualified=1
[2026-01-06 12:32:18.393] HOTKEY_EXEC | Space+i | mappedTo={Up}
[2026-01-06 12:32:18.406] SEND_KEY | input=*i | mappedTo=+{Up}
[2026-01-06 12:32:18.598] SPACE_KEY_HANDLER | key=u | action={Home} | qualifyAt=90148811 | currentTime=90153953 | qualified=1
[2026-01-06 12:32:18.599] HOTKEY_EXEC | Space+u | mappedTo={Home}
[2026-01-06 12:32:18.610] SEND_KEY | input=*u | mappedTo=+{Home}
[2026-01-06 12:32:18.824] SPACE_KEY_HANDLER | key=u | action={Home} | qualifyAt=90148811 | currentTime=90154171 | qualified=1
[2026-01-06 12:32:18.825] HOTKEY_EXEC | Space+u | mappedTo={Home}
[2026-01-06 12:32:18.838] SEND_KEY | input=*u | mappedTo=+{Home}
[2026-01-06 12:32:19.006] SPACE_KEY_HANDLER | key=u | action={Home} | qualifyAt=90148811 | currentTime=90154359 | qualified=1
[2026-01-06 12:32:19.007] HOTKEY_EXEC | Space+u | mappedTo={Home}
[2026-01-06 12:32:19.018] SEND_KEY | input=*u | mappedTo=+{Home}
[2026-01-06 12:32:19.245] SPACE_KEY_HANDLER | key=i | action={Up} | qualifyAt=90148811 | currentTime=90154593 | qualified=1
[2026-01-06 12:32:19.245] HOTKEY_EXEC | Space+i | mappedTo={Up}
[2026-01-06 12:32:19.258] SEND_KEY | input=*i | mappedTo=+{Up}
[2026-01-06 12:32:19.411] SPACE_KEY_HANDLER | key=i | action={Up} | qualifyAt=90148811 | currentTime=90154765 | qualified=1
[2026-01-06 12:32:19.411] HOTKEY_EXEC | Space+i | mappedTo={Up}
[2026-01-06 12:32:19.423] SEND_KEY | input=*i | mappedTo=+{Up}
[2026-01-06 12:32:19.715] SPACE_KEY_HANDLER | key=y | action={PgUp} | qualifyAt=90148811 | currentTime=90155078 | qualified=1
[2026-01-06 12:32:19.715] HOTKEY_EXEC | Space+y | mappedTo={PgUp}
[2026-01-06 12:32:19.728] SEND_KEY | input=*y | mappedTo=+{PgUp}
[2026-01-06 12:32:19.894] SPACE_KEY_HANDLER | key=y | action={PgUp} | qualifyAt=90148811 | currentTime=90155250 | qualified=1
[2026-01-06 12:32:19.895] HOTKEY_EXEC | Space+y | mappedTo={PgUp}
[2026-01-06 12:32:19.908] SEND_KEY | input=*y | mappedTo=+{PgUp}
[2026-01-06 12:32:20.074] SPACE_KEY_HANDLER | key=y | action={PgUp} | qualifyAt=90148811 | currentTime=90155421 | qualified=1
[2026-01-06 12:32:20.074] HOTKEY_EXEC | Space+y | mappedTo={PgUp}
[2026-01-06 12:32:20.087] SEND_KEY | input=*y | mappedTo=+{PgUp}
[2026-01-06 12:32:20.289] SPACE_KEY_HANDLER | key=h | action={PgDn} | qualifyAt=90148811 | currentTime=90155640 | qualified=1
[2026-01-06 12:32:20.289] HOTKEY_EXEC | Space+h | mappedTo={PgDn}
[2026-01-06 12:32:20.298] SEND_KEY | input=*h | mappedTo=+{PgDn}
[2026-01-06 12:32:20.459] SPACE_KEY_HANDLER | key=h | action={PgDn} | qualifyAt=90148811 | currentTime=90155812 | qualified=1
[2026-01-06 12:32:20.459] HOTKEY_EXEC | Space+h | mappedTo={PgDn}
[2026-01-06 12:32:20.472] SEND_KEY | input=*h | mappedTo=+{PgDn}
[2026-01-06 12:32:20.631] SPACE_KEY_HANDLER | key=h | action={PgDn} | qualifyAt=90148811 | currentTime=90155984 | qualified=1
[2026-01-06 12:32:20.631] HOTKEY_EXEC | Space+h | mappedTo={PgDn}
[2026-01-06 12:32:20.645] SEND_KEY | input=*h | mappedTo=+{PgDn}
[2026-01-06 12:32:20.934] SPACE_KEY_HANDLER | key=i | action={Up} | qualifyAt=90148811 | currentTime=90156296 | qualified=1
[2026-01-06 12:32:20.935] HOTKEY_EXEC | Space+i | mappedTo={Up}
[2026-01-06 12:32:20.947] SEND_KEY | input=*i | mappedTo=+{Up}
[2026-01-06 12:32:20.958] SPACE_KEY_HANDLER | key=o | action={End} | qualifyAt=90148811 | currentTime=90156312 | qualified=1
[2026-01-06 12:32:20.968] HOTKEY_EXEC | Space+o | mappedTo={End}
[2026-01-06 12:32:20.980] SEND_KEY | input=*o | mappedTo=+{End}
[2026-01-06 12:32:21.131] SPACE_KEY_HANDLER | key=i | action={Up} | qualifyAt=90148811 | currentTime=90156484 | qualified=1
[2026-01-06 12:32:21.131] HOTKEY_EXEC | Space+i | mappedTo={Up}
[2026-01-06 12:32:21.144] SEND_KEY | input=*i | mappedTo=+{Up}
[2026-01-06 12:32:21.547] SPACE_KEY_HANDLER | key=i | action={Up} | qualifyAt=90148811 | currentTime=90156906 | qualified=1
[2026-01-06 12:32:21.547] HOTKEY_EXEC | Space+i | mappedTo={Up}
[2026-01-06 12:32:21.561] SEND_KEY | input=*i | mappedTo=+{Up}
[2026-01-06 12:32:21.711] SPACE_KEY_HANDLER | key=i | action={Up} | qualifyAt=90148811 | currentTime=90157062 | qualified=1
[2026-01-06 12:32:21.711] HOTKEY_EXEC | Space+i | mappedTo={Up}
[2026-01-06 12:32:21.728] SEND_KEY | input=*i | mappedTo=+{Up}
[2026-01-06 12:32:21.880] SPACE_KEY_HANDLER | key=i | action={Up} | qualifyAt=90148811 | currentTime=90157234 | qualified=1
[2026-01-06 12:32:21.881] HOTKEY_EXEC | Space+i | mappedTo={Up}
[2026-01-06 12:32:21.894] SEND_KEY | input=*i | mappedTo=+{Up}
[2026-01-06 12:32:22.060] SPACE_KEY_HANDLER | key=i | action={Up} | qualifyAt=90148811 | currentTime=90157421 | qualified=1
[2026-01-06 12:32:22.060] HOTKEY_EXEC | Space+i | mappedTo={Up}
[2026-01-06 12:32:22.073] SEND_KEY | input=*i | mappedTo=+{Up}
[2026-01-06 12:32:22.251] SPACE_KEY_HANDLER | key=i | action={Up} | qualifyAt=90148811 | currentTime=90157609 | qualified=1
[2026-01-06 12:32:22.252] HOTKEY_EXEC | Space+i | mappedTo={Up}
[2026-01-06 12:32:22.265] SEND_KEY | input=*i | mappedTo=+{Up}
[2026-01-06 12:32:22.761] SPACE_KEY_HANDLER | key=i | action={Up} | qualifyAt=90148811 | currentTime=90158109 | qualified=1
[2026-01-06 12:32:22.762] HOTKEY_EXEC | Space+i | mappedTo={Up}
[2026-01-06 12:32:22.777] SEND_KEY | input=*i | mappedTo=+{Up}
[2026-01-06 12:32:22.791] SPACE_KEY_HANDLER | key=i | action={Up} | qualifyAt=90148811 | currentTime=90158140 | qualified=1
[2026-01-06 12:32:22.799] HOTKEY_EXEC | Space+i | mappedTo={Up}
[2026-01-06 12:32:22.810] SEND_KEY | input=*i | mappedTo=+{Up}
[2026-01-06 12:32:22.819] SPACE_KEY_HANDLER | key=i | action={Up} | qualifyAt=90148811 | currentTime=90158171 | qualified=1
[2026-01-06 12:32:22.836] HOTKEY_EXEC | Space+i | mappedTo={Up}
[2026-01-06 12:32:22.848] SEND_KEY | input=*i | mappedTo=+{Up}
[2026-01-06 12:32:22.853] SPACE_KEY_HANDLER | key=i | action={Up} | qualifyAt=90148811 | currentTime=90158203 | qualified=1
[2026-01-06 12:32:22.869] HOTKEY_EXEC | Space+i | mappedTo={Up}
[2026-01-06 12:32:22.888] SEND_KEY | input=*i | mappedTo=+{Up}
[2026-01-06 12:32:22.925] SPACE_KEY_HANDLER | key=i | action={Up} | qualifyAt=90148811 | currentTime=90158281 | qualified=1
[2026-01-06 12:32:22.925] HOTKEY_EXEC | Space+i | mappedTo={Up}
[2026-01-06 12:32:22.938] SEND_KEY | input=*i | mappedTo=+{Up}
[2026-01-06 12:32:22.954] SPACE_KEY_HANDLER | key=i | action={Up} | qualifyAt=90148811 | currentTime=90158312 | qualified=1
[2026-01-06 12:32:22.970] HOTKEY_EXEC | Space+i | mappedTo={Up}
[2026-01-06 12:32:22.985] SEND_KEY | input=*i | mappedTo=+{Up}
[2026-01-06 12:32:23.002] SPACE_KEY_HANDLER | key=i | action={Up} | qualifyAt=90148811 | currentTime=90158359 | qualified=1
[2026-01-06 12:32:23.014] HOTKEY_EXEC | Space+i | mappedTo={Up}
[2026-01-06 12:32:23.029] SEND_KEY | input=*i | mappedTo=+{Up}
[2026-01-06 12:32:23.031] SPACE_KEY_HANDLER | key=i | action={Up} | qualifyAt=90148811 | currentTime=90158390 | qualified=1
[2026-01-06 12:32:23.055] HOTKEY_EXEC | Space+i | mappedTo={Up}
[2026-01-06 12:32:23.070] SEND_KEY | input=*i | mappedTo=+{Up}
[2026-01-06 12:32:23.092] SPACE_KEY_HANDLER | key=i | action={Up} | qualifyAt=90148811 | currentTime=90158453 | qualified=1
[2026-01-06 12:32:23.092] HOTKEY_EXEC | Space+i | mappedTo={Up}
[2026-01-06 12:32:23.110] SEND_KEY | input=*i | mappedTo=+{Up}
[2026-01-06 12:32:23.154] SPACE_KEY_HANDLER | key=i | action={Up} | qualifyAt=90148811 | currentTime=90158515 | qualified=1
[2026-01-06 12:32:23.155] HOTKEY_EXEC | Space+i | mappedTo={Up}
[2026-01-06 12:32:23.155] SEND_KEY | input=*i | mappedTo=+{Up}
[2026-01-06 12:32:23.213] SPACE_KEY_HANDLER | key=i | action={Up} | qualifyAt=90148811 | currentTime=90158562 | qualified=1
[2026-01-06 12:32:23.215] HOTKEY_EXEC | Space+i | mappedTo={Up}
[2026-01-06 12:32:23.229] SEND_KEY | input=*i | mappedTo=+{Up}
[2026-01-06 12:32:23.498] SPACE_KEY_HANDLER | key=i | action={Up} | qualifyAt=90148811 | currentTime=90158859 | qualified=1
[2026-01-06 12:32:23.499] HOTKEY_EXEC | Space+i | mappedTo={Up}
[2026-01-06 12:32:23.513] SEND_KEY | input=*i | mappedTo=+{Up}
[2026-01-06 12:32:23.655] SPACE_KEY_HANDLER | key=i | action={Up} | qualifyAt=90148811 | currentTime=90159015 | qualified=1
[2026-01-06 12:32:23.655] HOTKEY_EXEC | Space+i | mappedTo={Up}
[2026-01-06 12:32:23.668] SEND_KEY | input=*i | mappedTo=+{Up}
[2026-01-06 12:32:23.890] LAYER_DEACTIVATE | Navigation
[2026-01-06 12:32:23.890] SPACE_RELEASE | spaceUsedWithOtherKey=1 | spaceOtherKeyPressed=1 | spaceLayerQualified=1 | sendSpace=0
[2026-01-06 12:33:04.535] CAPSLOCK_PRESS
[2026-01-06 12:33:04.542] LAYER_ACTIVATE | Mouse | activationTime=90199890
[2026-01-06 12:33:04.639] LAYER_DEACTIVATE | Mouse
[2026-01-06 12:33:04.640] LAYER_DEACTIVATE | Mouse
[2026-01-06 12:33:04.653] CAPSLOCK_RELEASE | capsLockUsedWithOtherKey=0 | sendHangul=1
